生成启动时间为 2017/11/2 13:13:06。
     1>项目“G:\qt\C-team\HappyTogether\src\server\server\server.vcxproj”在节点 2 上(build 个目标)。
     1>InitializeBuildStatus:
         正在创建“x64\Debug\server.unsuccessfulbuild”，因为已指定“AlwaysCreate”。
       ClCompile:
         所有输出均为最新。
       Link:
         c:\Program Files (x86)\Microsoft Visual Studio 10.0\VC\bin\x86_amd64\link.exe /ERRORREPORT:PROMPT /OUT:"G:\qt\C-team\HappyTogether\src\server\x64\Debug\server.exe" /NOLOGO /LIBPATH:"C:\Program Files\MySQL\MySQL Server 5.6\lib" libmysql.lib kernel32.lib user32.lib gdi32.lib winspool.lib comdlg32.lib advapi32.lib shell32.lib ole32.lib oleaut32.lib uuid.lib odbc32.lib odbccp32.lib /MANIFEST /ManifestFile:"x64\Debug\server.exe.intermediate.manifest" /MANIFESTUAC:"level='asInvoker' uiAccess='false'" /PDB:"G:\qt\C-team\HappyTogether\src\server\x64\Debug\server.pdb" /TLBID:1 /DYNAMICBASE /NXCOMPAT /IMPLIB:"G:\qt\C-team\HappyTogether\src\server\x64\Debug\server.lib" /MACHINE:X64 x64\Debug\Operate.obj
         x64\Debug\stdafx.obj
         x64\Debug\main.obj
         x64\Debug\Service.obj
         x64\Debug\session_s.obj
         x64\Debug\socket_packet.obj
         x64\Debug\socket_stream.obj
         x64\Debug\utils.obj
         server.vcxproj -> G:\qt\C-team\HappyTogether\src\server\x64\Debug\server.exe
       Manifest:
         c:\Program Files (x86)\Microsoft SDKs\Windows\v7.0A\bin\mt.exe /nologo /verbose /outputresource:"G:\qt\C-team\HappyTogether\src\server\x64\Debug\server.exe;#1" /manifest x64\Debug\server.exe.intermediate.manifest
       FinalizeBuildStatus:
         正在删除文件“x64\Debug\server.unsuccessfulbuild”。
         正在对“x64\Debug\server.lastbuildstate”执行 Touch 任务。
     1>已完成生成项目“G:\qt\C-team\HappyTogether\src\server\server\server.vcxproj”(build 个目标)的操作。

生成成功。

已用时间 00:00:00.70
