<<<<<<< HEAD
﻿生成启动时间为 2017/10/30 9:57:22。
     1>项目“G:\qt\C-team\HappyTogether\server\server\server.vcxproj”在节点 2 上(build 个目标)。
     1>InitializeBuildStatus:
         正在对“Debug\server.unsuccessfulbuild”执行 Touch 任务。
       ClCompile:
         c:\Program Files (x86)\Microsoft Visual Studio 10.0\VC\bin\CL.exe /c /ZI /nologo /W3 /WX- /Od /Oy- /D _MBCS /Gm /EHsc /RTC1 /MDd /GS /fp:precise /Zc:wchar_t /Zc:forScope /Fo"Debug\\" /Fd"Debug\vc100.pdb" /Gd /TP /analyze- /errorReport:prompt ConnectToMysql\Operate.cpp ConnectToMysql\stdafx.cpp Service.cpp main.cpp session_s.cpp
         session_s.cpp
     1>g:\qt\c-team\happytogether\server\server\connecttomysql\stdafx.h(11): fatal error C1083: 无法打开包括文件:“mysql.h”: No such file or directory
         main.cpp
     1>g:\qt\c-team\happytogether\server\server\connecttomysql\stdafx.h(11): fatal error C1083: 无法打开包括文件:“mysql.h”: No such file or directory
         Service.cpp
     1>g:\qt\c-team\happytogether\server\server\connecttomysql\stdafx.h(11): fatal error C1083: 无法打开包括文件:“mysql.h”: No such file or directory
         stdafx.cpp
     1>g:\qt\c-team\happytogether\server\server\connecttomysql\stdafx.h(11): fatal error C1083: 无法打开包括文件:“mysql.h”: No such file or directory
         Operate.cpp
     1>g:\qt\c-team\happytogether\server\server\connecttomysql\stdafx.h(11): fatal error C1083: 无法打开包括文件:“mysql.h”: No such file or directory
         正在生成代码...
     1>已完成生成项目“G:\qt\C-team\HappyTogether\server\server\server.vcxproj”(build 个目标)的操作 - 失败。

生成失败。

已用时间 00:00:02.99
=======
﻿生成启动时间为 2017/10/29 23:18:26。
     1>项目“G:\qt\C-team\HappyTogether\server\server\server.vcxproj”在节点 2 上(build 个目标)。
     1>PrepareForBuild:
         正在创建目录“G:\qt\C-team\HappyTogether\server\Debug\”。
       InitializeBuildStatus:
         正在创建“Debug\server.unsuccessfulbuild”，因为已指定“AlwaysCreate”。
       ClCompile:
         c:\Program Files (x86)\Microsoft Visual Studio 10.0\VC\bin\CL.exe /c /ZI /nologo /W3 /WX- /Od /Oy- /D _MBCS /Gm /EHsc /RTC1 /MDd /GS /fp:precise /Zc:wchar_t /Zc:forScope /Fo"Debug\\" /Fd"Debug\vc100.pdb" /Gd /TP /analyze- /errorReport:prompt ConnectToMysql\Operate.cpp ConnectToMysql\stdafx.cpp main.cpp Service.cpp session_s.cpp socket_packet.cpp socket_stream.cpp utils.cpp
         utils.cpp
     1>g:\qt\c-team\happytogether\server\server\utils.cpp(16): warning C4018: “<”: 有符号/无符号不匹配
     1>g:\qt\c-team\happytogether\server\server\utils.cpp(56): warning C4996: 'strcat': This function or variable may be unsafe. Consider using strcat_s instead. To disable deprecation, use _CRT_SECURE_NO_WARNINGS. See online help for details.
                 c:\program files (x86)\microsoft visual studio 10.0\vc\include\string.h(110) : 参见“strcat”的声明
     1>g:\qt\c-team\happytogether\server\server\utils.cpp(57): warning C4996: 'strcat': This function or variable may be unsafe. Consider using strcat_s instead. To disable deprecation, use _CRT_SECURE_NO_WARNINGS. See online help for details.
                 c:\program files (x86)\microsoft visual studio 10.0\vc\include\string.h(110) : 参见“strcat”的声明
     1>g:\qt\c-team\happytogether\server\server\utils.cpp(58): warning C4996: 'strcat': This function or variable may be unsafe. Consider using strcat_s instead. To disable deprecation, use _CRT_SECURE_NO_WARNINGS. See online help for details.
                 c:\program files (x86)\microsoft visual studio 10.0\vc\include\string.h(110) : 参见“strcat”的声明
     1>g:\qt\c-team\happytogether\server\server\utils.cpp(59): warning C4996: 'strcat': This function or variable may be unsafe. Consider using strcat_s instead. To disable deprecation, use _CRT_SECURE_NO_WARNINGS. See online help for details.
                 c:\program files (x86)\microsoft visual studio 10.0\vc\include\string.h(110) : 参见“strcat”的声明
     1>g:\qt\c-team\happytogether\server\server\utils.cpp(68): warning C4996: 'itoa': The POSIX name for this item is deprecated. Instead, use the ISO C++ conformant name: _itoa. See online help for details.
                 c:\program files (x86)\microsoft visual studio 10.0\vc\include\stdlib.h(867) : 参见“itoa”的声明
         socket_stream.cpp
         socket_packet.cpp
     1>g:\qt\c-team\happytogether\server\server\socket_packet.cpp(52): warning C4018: “>”: 有符号/无符号不匹配
         session_s.cpp
     1>g:\qt\c-team\happytogether\server\server\connecttomysql\stdafx.h(11): fatal error C1083: 无法打开包括文件:“mysql.h”: No such file or directory
         Service.cpp
     1>g:\qt\c-team\happytogether\server\server\connecttomysql\stdafx.h(11): fatal error C1083: 无法打开包括文件:“mysql.h”: No such file or directory
         main.cpp
     1>g:\qt\c-team\happytogether\server\server\connecttomysql\stdafx.h(11): fatal error C1083: 无法打开包括文件:“mysql.h”: No such file or directory
         stdafx.cpp
     1>g:\qt\c-team\happytogether\server\server\connecttomysql\stdafx.h(11): fatal error C1083: 无法打开包括文件:“mysql.h”: No such file or directory
         Operate.cpp
     1>g:\qt\c-team\happytogether\server\server\connecttomysql\stdafx.h(11): fatal error C1083: 无法打开包括文件:“mysql.h”: No such file or directory
         正在生成代码...
     1>已完成生成项目“G:\qt\C-team\HappyTogether\server\server\server.vcxproj”(build 个目标)的操作 - 失败。

生成失败。

已用时间 00:00:04.32
>>>>>>> 5fd8c35102a0a2d7816a2c865c7450f30210fd1f
