生成启动时间为 2017/10/25 20:33:27。
     1>项目“G:\专硕\高级软件工程\作业\c++pro\pro2\project\project\project.vcxproj”在节点 2 上(build 个目标)。
     1>InitializeBuildStatus:
         正在创建“Debug\project.unsuccessfulbuild”，因为已指定“AlwaysCreate”。
       ClCompile:
         c:\Program Files (x86)\Microsoft Visual Studio 10.0\VC\bin\CL.exe /c /ZI /nologo /W3 /WX- /Od /Oy- /D _MBCS /Gm /EHsc /RTC1 /MDd /GS /fp:precise /Zc:wchar_t /Zc:forScope /Fo"Debug\\" /Fd"Debug\vc100.pdb" /Gd /TP /analyze- /errorReport:prompt session_c.cpp session_s.cpp socket_packet.cpp
         socket_packet.cpp
     1>g:\专硕\高级软件工程\作业\c++pro\pro2\project\project\socket_packet.cpp(52): warning C4018: “>”: 有符号/无符号不匹配
         session_s.cpp
         session_c.cpp
     1>g:\专硕\高级软件工程\作业\c++pro\pro2\project\project\session_c.cpp(62): warning C4996: 'strcpy': This function or variable may be unsafe. Consider using strcpy_s instead. To disable deprecation, use _CRT_SECURE_NO_WARNINGS. See online help for details.
                 c:\program files (x86)\microsoft visual studio 10.0\vc\include\string.h(105) : 参见“strcpy”的声明
     1>g:\专硕\高级软件工程\作业\c++pro\pro2\project\project\session_c.cpp(63): warning C4996: 'strcat': This function or variable may be unsafe. Consider using strcat_s instead. To disable deprecation, use _CRT_SECURE_NO_WARNINGS. See online help for details.
                 c:\program files (x86)\microsoft visual studio 10.0\vc\include\string.h(110) : 参见“strcat”的声明
     1>g:\专硕\高级软件工程\作业\c++pro\pro2\project\project\session_c.cpp(64): warning C4996: 'strcat': This function or variable may be unsafe. Consider using strcat_s instead. To disable deprecation, use _CRT_SECURE_NO_WARNINGS. See online help for details.
                 c:\program files (x86)\microsoft visual studio 10.0\vc\include\string.h(110) : 参见“strcat”的声明
     1>g:\专硕\高级软件工程\作业\c++pro\pro2\project\project\session_c.cpp(65): warning C4996: 'strcat': This function or variable may be unsafe. Consider using strcat_s instead. To disable deprecation, use _CRT_SECURE_NO_WARNINGS. See online help for details.
                 c:\program files (x86)\microsoft visual studio 10.0\vc\include\string.h(110) : 参见“strcat”的声明
         正在生成代码...
       Link:
         c:\Program Files (x86)\Microsoft Visual Studio 10.0\VC\bin\link.exe /ERRORREPORT:PROMPT /OUT:"G:\专硕\高级软件工程\作业\c++pro\pro2\project\Debug\project.exe" /NOLOGO kernel32.lib user32.lib gdi32.lib winspool.lib comdlg32.lib advapi32.lib shell32.lib ole32.lib oleaut32.lib uuid.lib odbc32.lib odbccp32.lib /MANIFEST /ManifestFile:"Debug\project.exe.intermediate.manifest" /MANIFESTUAC:"level='asInvoker' uiAccess='false'" /DEBUG /PDB:"G:\专硕\高级软件工程\作业\c++pro\pro2\project\Debug\project.pdb" /TLBID:1 /DYNAMICBASE /NXCOMPAT /IMPLIB:"G:\专硕\高级软件工程\作业\c++pro\pro2\project\Debug\project.lib" /MACHINE:X86 Debug\main.obj
         Debug\Service.obj
         Debug\session_c.obj
         Debug\session_s.obj
         Debug\socket_packet.obj
         Debug\socket_stream.obj
         LINK : 没有找到 G:\专硕\高级软件工程\作业\c++pro\pro2\project\Debug\project.exe 或上一个增量链接没有生成它；正在执行完全链接
         project.vcxproj -> G:\专硕\高级软件工程\作业\c++pro\pro2\project\Debug\project.exe
       Manifest:
         c:\Program Files (x86)\Microsoft SDKs\Windows\v7.0A\bin\mt.exe /nologo /verbose /outputresource:"G:\专硕\高级软件工程\作业\c++pro\pro2\project\Debug\project.exe;#1" /manifest Debug\project.exe.intermediate.manifest
       FinalizeBuildStatus:
         正在删除文件“Debug\project.unsuccessfulbuild”。
         正在对“Debug\project.lastbuildstate”执行 Touch 任务。
     1>已完成生成项目“G:\专硕\高级软件工程\作业\c++pro\pro2\project\project\project.vcxproj”(build 个目标)的操作。

生成成功。

已用时间 00:00:01.35
