G:\专硕\高级软件工程\作业\C++PRO\PRO2\PROJECT\DEBUG\PROJECT.EXE
G:\专硕\高级软件工程\作业\C++PRO\PRO2\PROJECT\DEBUG\PROJECT.ILK
G:\专硕\高级软件工程\作业\C++PRO\PRO2\PROJECT\DEBUG\PROJECT.PDB
G:\专硕\高级软件工程\作业\c++pro\pro2\project\project\Debug\cl.command.1.tlog
G:\专硕\高级软件工程\作业\c++pro\pro2\project\project\Debug\CL.read.1.tlog
G:\专硕\高级软件工程\作业\c++pro\pro2\project\project\Debug\CL.write.1.tlog
G:\专硕\高级软件工程\作业\c++pro\pro2\project\project\Debug\link.command.1.tlog
G:\专硕\高级软件工程\作业\c++pro\pro2\project\project\Debug\link.read.1.tlog
G:\专硕\高级软件工程\作业\c++pro\pro2\project\project\Debug\link.write.1.tlog
G:\专硕\高级软件工程\作业\C++PRO\PRO2\PROJECT\PROJECT\DEBUG\MAIN.OBJ
G:\专硕\高级软件工程\作业\c++pro\pro2\project\project\Debug\mt.command.1.tlog
G:\专硕\高级软件工程\作业\c++pro\pro2\project\project\Debug\mt.read.1.tlog
G:\专硕\高级软件工程\作业\c++pro\pro2\project\project\Debug\mt.write.1.tlog
G:\专硕\高级软件工程\作业\C++PRO\PRO2\PROJECT\PROJECT\DEBUG\PROJECT.EXE.INTERMEDIATE.MANIFEST
G:\专硕\高级软件工程\作业\c++pro\pro2\project\project\Debug\project.write.1.tlog
G:\专硕\高级软件工程\作业\C++PRO\PRO2\PROJECT\PROJECT\DEBUG\SERVICE.OBJ
G:\专硕\高级软件工程\作业\C++PRO\PRO2\PROJECT\PROJECT\DEBUG\SESSION_C.OBJ
G:\专硕\高级软件工程\作业\C++PRO\PRO2\PROJECT\PROJECT\DEBUG\SESSION_S.OBJ
G:\专硕\高级软件工程\作业\C++PRO\PRO2\PROJECT\PROJECT\DEBUG\SOCKET_PACKET.OBJ
G:\专硕\高级软件工程\作业\C++PRO\PRO2\PROJECT\PROJECT\DEBUG\SOCKET_STREAM.OBJ
G:\专硕\高级软件工程\作业\c++pro\pro2\project\project\Debug\vc100.idb
G:\专硕\高级软件工程\作业\C++PRO\PRO2\PROJECT\PROJECT\DEBUG\VC100.PDB
