G:\qt\C-team\HappyTogether\server\server\x64\Debug\cl.command.1.tlog
G:\qt\C-team\HappyTogether\server\server\x64\Debug\CL.read.1.tlog
G:\qt\C-team\HappyTogether\server\server\x64\Debug\CL.write.1.tlog
G:\qt\C-team\HappyTogether\server\server\x64\Debug\link.command.1.tlog
G:\qt\C-team\HappyTogether\server\server\x64\Debug\link.read.1.tlog
G:\qt\C-team\HappyTogether\server\server\x64\Debug\link.write.1.tlog
G:\QT\C-TEAM\HAPPYTOGETHER\SERVER\SERVER\X64\DEBUG\MAIN.OBJ
G:\qt\C-team\HappyTogether\server\server\x64\Debug\mt.command.1.tlog
G:\qt\C-team\HappyTogether\server\server\x64\Debug\mt.read.1.tlog
G:\qt\C-team\HappyTogether\server\server\x64\Debug\mt.write.1.tlog
G:\QT\C-TEAM\HAPPYTOGETHER\SERVER\SERVER\X64\DEBUG\OPERATE.OBJ
G:\QT\C-TEAM\HAPPYTOGETHER\SERVER\SERVER\X64\DEBUG\SERVER.EXE.INTERMEDIATE.MANIFEST
G:\qt\C-team\HappyTogether\server\server\x64\Debug\server.write.1.tlog
G:\QT\C-TEAM\HAPPYTOGETHER\SERVER\SERVER\X64\DEBUG\SERVICE.OBJ
G:\QT\C-TEAM\HAPPYTOGETHER\SERVER\SERVER\X64\DEBUG\SESSION_S.OBJ
G:\QT\C-TEAM\HAPPYTOGETHER\SERVER\SERVER\X64\DEBUG\SOCKET_PACKET.OBJ
G:\QT\C-TEAM\HAPPYTOGETHER\SERVER\SERVER\X64\DEBUG\SOCKET_STREAM.OBJ
G:\QT\C-TEAM\HAPPYTOGETHER\SERVER\SERVER\X64\DEBUG\STDAFX.OBJ
G:\QT\C-TEAM\HAPPYTOGETHER\SERVER\SERVER\X64\DEBUG\UTILS.OBJ
G:\QT\C-TEAM\HAPPYTOGETHER\SERVER\SERVER\X64\DEBUG\VC100.PDB
G:\QT\C-TEAM\HAPPYTOGETHER\SERVER\X64\DEBUG\SERVER.EXE
