G:\qt\test\src\server\server\x64\Release\cl.command.1.tlog
G:\qt\test\src\server\server\x64\Release\CL.read.1.tlog
G:\qt\test\src\server\server\x64\Release\CL.write.1.tlog
G:\qt\test\src\server\server\x64\Release\link.command.1.tlog
G:\qt\test\src\server\server\x64\Release\link.read.1.tlog
G:\qt\test\src\server\server\x64\Release\link.write.1.tlog
G:\QT\TEST\SRC\SERVER\SERVER\X64\RELEASE\MAIN.OBJ
G:\qt\test\src\server\server\x64\Release\mt.command.1.tlog
G:\qt\test\src\server\server\x64\Release\mt.read.1.tlog
G:\qt\test\src\server\server\x64\Release\mt.write.1.tlog
G:\QT\TEST\SRC\SERVER\SERVER\X64\RELEASE\OPERATE.OBJ
G:\QT\TEST\SRC\SERVER\SERVER\X64\RELEASE\SERVER.EXE.INTERMEDIATE.MANIFEST
G:\qt\test\src\server\server\x64\Release\server.write.1.tlog
G:\QT\TEST\SRC\SERVER\SERVER\X64\RELEASE\SERVICE.OBJ
G:\QT\TEST\SRC\SERVER\SERVER\X64\RELEASE\SESSION_S.OBJ
G:\QT\TEST\SRC\SERVER\SERVER\X64\RELEASE\SOCKET_PACKET.OBJ
G:\QT\TEST\SRC\SERVER\SERVER\X64\RELEASE\SOCKET_STREAM.OBJ
G:\QT\TEST\SRC\SERVER\SERVER\X64\RELEASE\STDAFX.OBJ
G:\QT\TEST\SRC\SERVER\SERVER\X64\RELEASE\UTILS.OBJ
G:\QT\TEST\SRC\SERVER\SERVER\X64\RELEASE\VC100.PDB
G:\QT\TEST\SRC\SERVER\X64\RELEASE\SERVER.EXE
