生成启动时间为 2017/10/30 9:57:22。
     1>项目“G:\qt\C-team\HappyTogether\server\server\server.vcxproj”在节点 2 上(build 个目标)。
     1>InitializeBuildStatus:
         正在对“Debug\server.unsuccessfulbuild”执行 Touch 任务。
       ClCompile:
         c:\Program Files (x86)\Microsoft Visual Studio 10.0\VC\bin\CL.exe /c /ZI /nologo /W3 /WX- /Od /Oy- /D _MBCS /Gm /EHsc /RTC1 /MDd /GS /fp:precise /Zc:wchar_t /Zc:forScope /Fo"Debug\\" /Fd"Debug\vc100.pdb" /Gd /TP /analyze- /errorReport:prompt ConnectToMysql\Operate.cpp ConnectToMysql\stdafx.cpp Service.cpp main.cpp session_s.cpp
         session_s.cpp
     1>g:\qt\c-team\happytogether\server\server\connecttomysql\stdafx.h(11): fatal error C1083: 无法打开包括文件:“mysql.h”: No such file or directory
         main.cpp
     1>g:\qt\c-team\happytogether\server\server\connecttomysql\stdafx.h(11): fatal error C1083: 无法打开包括文件:“mysql.h”: No such file or directory
         Service.cpp
     1>g:\qt\c-team\happytogether\server\server\connecttomysql\stdafx.h(11): fatal error C1083: 无法打开包括文件:“mysql.h”: No such file or directory
         stdafx.cpp
     1>g:\qt\c-team\happytogether\server\server\connecttomysql\stdafx.h(11): fatal error C1083: 无法打开包括文件:“mysql.h”: No such file or directory
         Operate.cpp
     1>g:\qt\c-team\happytogether\server\server\connecttomysql\stdafx.h(11): fatal error C1083: 无法打开包括文件:“mysql.h”: No such file or directory
         正在生成代码...
     1>已完成生成项目“G:\qt\C-team\HappyTogether\server\server\server.vcxproj”(build 个目标)的操作 - 失败。

生成失败。

已用时间 00:00:02.99
