生成启动时间为 2017/10/30 11:06:25。
     1>项目“G:\qt\C-team\HappyTogether\server\server\server.vcxproj”在节点 2 上(build 个目标)。
     1>InitializeBuildStatus:
         正在创建“x64\Debug\server.unsuccessfulbuild”，因为已指定“AlwaysCreate”。
       ClCompile:
         c:\Program Files (x86)\Microsoft Visual Studio 10.0\VC\bin\x86_amd64\CL.exe /c /I"C:\Program Files\MySQL\MySQL Server 5.6\include" /Zi /nologo /W1 /WX- /O2 /Gm- /EHsc /MD /GS /fp:precise /Zc:wchar_t /Zc:forScope /Fo"x64\Debug\\" /Fd"x64\Debug\vc100.pdb" /Gd /TP /errorReport:prompt ConnectToMysql\Operate.cpp
         Operate.cpp
     1>g:\qt\c-team\happytogether\server\server\connecttomysql\operate.cpp(453): warning C4715: “Operate::GetEvent”: 不是所有的控件路径都返回值
     1>g:\qt\c-team\happytogether\server\server\connecttomysql\operate.cpp(480): warning C4715: “Operate::GetMessageBySender”: 不是所有的控件路径都返回值
     1>g:\qt\c-team\happytogether\server\server\connecttomysql\operate.cpp(506): warning C4715: “Operate::GetMessageByReceiver”: 不是所有的控件路径都返回值
     1>g:\qt\c-team\happytogether\server\server\connecttomysql\operate.cpp(540): warning C4715: “Operate::GetEventByState”: 不是所有的控件路径都返回值
       Link:
         c:\Program Files (x86)\Microsoft Visual Studio 10.0\VC\bin\x86_amd64\link.exe /ERRORREPORT:PROMPT /OUT:"G:\qt\C-team\HappyTogether\server\x64\Debug\server.exe" /NOLOGO /LIBPATH:"C:\Program Files\MySQL\MySQL Server 5.6\lib" libmysql.lib kernel32.lib user32.lib gdi32.lib winspool.lib comdlg32.lib advapi32.lib shell32.lib ole32.lib oleaut32.lib uuid.lib odbc32.lib odbccp32.lib /MANIFEST /ManifestFile:"x64\Debug\server.exe.intermediate.manifest" /MANIFESTUAC:"level='asInvoker' uiAccess='false'" /PDB:"G:\qt\C-team\HappyTogether\server\x64\Debug\server.pdb" /TLBID:1 /DYNAMICBASE /NXCOMPAT /IMPLIB:"G:\qt\C-team\HappyTogether\server\x64\Debug\server.lib" /MACHINE:X64 x64\Debug\Operate.obj
         x64\Debug\stdafx.obj
         x64\Debug\main.obj
         x64\Debug\Service.obj
         x64\Debug\session_s.obj
         x64\Debug\socket_packet.obj
         x64\Debug\socket_stream.obj
         x64\Debug\utils.obj
         server.vcxproj -> G:\qt\C-team\HappyTogether\server\x64\Debug\server.exe
       Manifest:
         c:\Program Files (x86)\Microsoft SDKs\Windows\v7.0A\bin\mt.exe /nologo /verbose /outputresource:"G:\qt\C-team\HappyTogether\server\x64\Debug\server.exe;#1" /manifest x64\Debug\server.exe.intermediate.manifest
       FinalizeBuildStatus:
         正在删除文件“x64\Debug\server.unsuccessfulbuild”。
         正在对“x64\Debug\server.lastbuildstate”执行 Touch 任务。
     1>已完成生成项目“G:\qt\C-team\HappyTogether\server\server\server.vcxproj”(build 个目标)的操作。

生成成功。

已用时间 00:00:01.66
